[DEBUG] 2019-09-23 13:46:31,822 baseProperties.intializeDriver() - Chrome Driver intilized successfully
[DEBUG] 2019-09-23 13:46:31,827 baseProperties.intializeDriver() - Chrome Browser selected & Launching in few second
[DEBUG] 2019-09-23 13:46:40,992 baseProperties.intializeDriver() - URL provided
[DEBUG] 2019-09-23 13:46:42,178 baseProperties.intializeDriver() - Screen maximized successfully
[DEBUG] 2019-09-23 13:46:42,178 baseProperties.intializeDriver() - Waiting to access above URL
[DEBUG] 2019-09-23 13:46:47,150 baseProperties.intializeDriver() -  Verified that VoiceWatch login screen appeared successfully
[DEBUG] 2019-09-23 13:46:47,800 pom001_VoiceWatch_logIn_Page.getUsername() - Start inserting User Credetials
[DEBUG] 2019-09-23 13:46:47,802 pom001_VoiceWatch_logIn_Page.getUsername() - UserName inserted Successfully
[DEBUG] 2019-09-23 13:46:47,873 pom001_VoiceWatch_logIn_Page.getPassword() - Password inserted Successfully
[DEBUG] 2019-09-23 13:46:47,952 pom001_VoiceWatch_logIn_Page.getSignButton() - Sigin button Clicked Successfully
[DEBUG] 2019-09-23 13:46:48,038 TC0000_Debug_Testing.logInWithExpirixAdmin() - Waiting for launch VoiceWatch application using above creadetails
[DEBUG] 2019-09-23 13:48:16,935 TC0000_Debug_Testing.logInWithExpirixAdmin() - Verified that VoiceWatch Application login successfully with Empirix Admin creadetial
[DEBUG] 2019-09-23 13:48:16,936 TC0000_Debug_Testing.logInWithExpirixAdmin() - Validate the requiment as Aceess Level= Empirix & Role=Empirix Admin
[DEBUG] 2019-09-23 13:48:32,092 pom007_VoiceWatch_Script_Tabs.goScriptBuilderTabValidation() - Verified that 'Go Script Builder Scripts' label appeared on left side of under Script tab
[DEBUG] 2019-09-23 13:48:32,114 pom007_VoiceWatch_Script_Tabs.goScriptBuilderTabValidation() - Verified that 'Go Script Builder Scripts' label enabled on left side of under Script tab
[DEBUG] 2019-09-23 13:48:32,141 pom007_VoiceWatch_Script_Tabs.goScriptBuilderTabValidation() - Verified that 'Go Script Builder Scripts' Text validated on left side under Script Tab
[DEBUG] 2019-09-23 13:48:32,181 pom007_VoiceWatch_Script_Tabs.goScriptBuilderTabValidation() - Verified that 'Script count' dispalyed left side under Script tab
[DEBUG] 2019-09-23 13:48:32,215 pom007_VoiceWatch_Script_Tabs.goScriptBuilderTabValidation() - Verified that 'Script count' enabled left side under Script tab
[DEBUG] 2019-09-23 13:48:32,264 pom007_VoiceWatch_Script_Tabs.goScriptBuilderTabValidation() - Verified that 'Filter by name' filed appeared on left side of under Script tab
[DEBUG] 2019-09-23 13:48:32,286 pom007_VoiceWatch_Script_Tabs.goScriptBuilderTabValidation() - Verified that 'Filter by name' filed enabled on left side of under Script tab
[DEBUG] 2019-09-23 13:48:32,305 pom007_VoiceWatch_Script_Tabs.goScriptBuilderTabValidation() - Verified that 'Please select a script ' label appeared on  under Go Script builder tab
[DEBUG] 2019-09-23 13:48:32,305 pom007_VoiceWatch_Script_Tabs.goScriptBuilderTabValidation() - Verified that 'Please select a script ' label enabled under Go Script builder tab
[DEBUG] 2019-09-23 13:48:32,306 pom007_VoiceWatch_Script_Tabs.goScriptBuilderTabValidation() - Verified that 'Please select a script or' Text validated under Go Script Builder
[DEBUG] 2019-09-23 13:48:35,165 pom007_VoiceWatch_Script_Tabs.createGSBbybutton() - Verified that create a new script plus (+) icon appeared on top left side under Script tab
[DEBUG] 2019-09-23 13:48:45,740 pom007_VoiceWatch_Script_Tabs.createGSBbybutton() - Validated the element while click Script Creation using button (+)
[DEBUG] 2019-09-23 13:48:45,780 pom007_VoiceWatch_Script_Tabs.createGSBbybutton() - Verified that 'Go Script Builder Scripts' label appeared on left side of under Script tab
[DEBUG] 2019-09-23 13:48:45,800 pom007_VoiceWatch_Script_Tabs.createGSBbybutton() - Verified that 'Go Script Builder Scripts' label enabled on left side of under Script tab
[DEBUG] 2019-09-23 13:48:45,822 pom007_VoiceWatch_Script_Tabs.createGSBbybutton() - Verified that 'Go Script Builder Scripts' Text validated on left side under Script Tab
[DEBUG] 2019-09-23 13:48:45,850 pom007_VoiceWatch_Script_Tabs.createGSBbybutton() - Verified that 'Script count' dispalyed left side under Script tab
[DEBUG] 2019-09-23 13:48:45,869 pom007_VoiceWatch_Script_Tabs.createGSBbybutton() - Verified that 'Script count' enabled left side under Script tab
[DEBUG] 2019-09-23 13:48:45,895 pom007_VoiceWatch_Script_Tabs.createGSBbybutton() - Verified that 'Filter by name' filed appeared on left side of under Script tab
[DEBUG] 2019-09-23 13:48:45,915 pom007_VoiceWatch_Script_Tabs.createGSBbybutton() - Verified that 'Filter by name' filed enabled on left side of under Script tab
[DEBUG] 2019-09-23 13:48:45,964 pom007_VoiceWatch_Script_Tabs.createGSBbybutton() - Verified that 'Script name' label appeared on under Go Script Builder
[DEBUG] 2019-09-23 13:48:45,994 pom007_VoiceWatch_Script_Tabs.createGSBbybutton() - Verified that 'Script name' Text validated on under Go Script Builder
[DEBUG] 2019-09-23 13:48:46,034 pom007_VoiceWatch_Script_Tabs.createGSBbybutton() - Verified that 'Script name' filed appeared on under Go Script Builder
[DEBUG] 2019-09-23 13:48:46,057 pom007_VoiceWatch_Script_Tabs.createGSBbybutton() - Verified that 'Script name' field enabled on under Go Script Builder
[DEBUG] 2019-09-23 13:48:46,094 pom007_VoiceWatch_Script_Tabs.createGSBbybutton() - Verified that 'Description' label appeared on under Go Script Builder
[DEBUG] 2019-09-23 13:48:46,122 pom007_VoiceWatch_Script_Tabs.createGSBbybutton() - Verified that 'Description' Text validated on under Go Script Builder
[DEBUG] 2019-09-23 13:48:46,163 pom007_VoiceWatch_Script_Tabs.createGSBbybutton() - Verified that 'Description' label appeared on under Go Script Builder
[DEBUG] 2019-09-23 13:48:46,186 pom007_VoiceWatch_Script_Tabs.createGSBbybutton() - Verified that 'Description' field enabled on under Go Script Builder
[DEBUG] 2019-09-23 13:48:46,224 pom007_VoiceWatch_Script_Tabs.createGSBbybutton() - Verified that 'Save button' displayed under Go Script Upload tab
[DEBUG] 2019-09-23 13:48:46,248 pom007_VoiceWatch_Script_Tabs.createGSBbybutton() - Verified that 'Save button' is disbaled under Go Script Upload tab
[DEBUG] 2019-09-23 13:48:46,278 pom007_VoiceWatch_Script_Tabs.createGSBbybutton() - Verified that 'Save' Text appeared on save button under Go Script Upload tab
[DEBUG] 2019-09-23 13:48:46,314 pom007_VoiceWatch_Script_Tabs.createGSBbybutton() - Verified that 'Script Builder' label appeared on under Go Script Builder
[DEBUG] 2019-09-23 13:48:46,341 pom007_VoiceWatch_Script_Tabs.createGSBbybutton() - Verified that 'Script Builder' Text validated on under Go Script Builder
[DEBUG] 2019-09-23 13:48:46,375 pom007_VoiceWatch_Script_Tabs.createGSBbybutton() - Verified that 'Results' label appeared on under Go Script Builder
[DEBUG] 2019-09-23 13:48:46,402 pom007_VoiceWatch_Script_Tabs.createGSBbybutton() - Verified that 'Results' Text validated on under Go Script Builder
[DEBUG] 2019-09-23 13:48:46,437 pom007_VoiceWatch_Script_Tabs.createGSBbybutton() - Verified that 'Call Logs' label appeared on under Go Script Builder
[DEBUG] 2019-09-23 13:48:46,463 pom007_VoiceWatch_Script_Tabs.createGSBbybutton() - Verified that 'Call Logs' Text validated on under Go Script Builder
[DEBUG] 2019-09-23 13:48:46,500 pom007_VoiceWatch_Script_Tabs.createGSBbybutton() - Verified that 'Associted Test' label appeared on under Go Script Builder
[DEBUG] 2019-09-23 13:48:46,529 pom007_VoiceWatch_Script_Tabs.createGSBbybutton() - Verified that 'Associted Test' Text validated on under Go Script Builder
[DEBUG] 2019-09-23 13:48:52,330 pom007_VoiceWatch_Script_Tabs.createGSBbyLink() - Verified that create a new script by link is appeared under Go Script Builder tab
[DEBUG] 2019-09-23 13:49:02,644 pom007_VoiceWatch_Script_Tabs.createGSBbyLink() - Validated the element while click create a new script by link
[DEBUG] 2019-09-23 13:49:02,688 pom007_VoiceWatch_Script_Tabs.createGSBbyLink() - Verified that 'Go Script Builder Scripts' label appeared on left side of under Script tab
[DEBUG] 2019-09-23 13:49:02,710 pom007_VoiceWatch_Script_Tabs.createGSBbyLink() - Verified that 'Go Script Builder Scripts' label enabled on left side of under Script tab
[DEBUG] 2019-09-23 13:49:02,734 pom007_VoiceWatch_Script_Tabs.createGSBbyLink() - Verified that 'Go Script Builder Scripts' Text validated on left side under Script Tab
[DEBUG] 2019-09-23 13:49:02,767 pom007_VoiceWatch_Script_Tabs.createGSBbyLink() - Verified that 'Script count' dispalyed left side under Script tab
[DEBUG] 2019-09-23 13:49:02,789 pom007_VoiceWatch_Script_Tabs.createGSBbyLink() - Verified that 'Script count' enabled left side under Script tab
[DEBUG] 2019-09-23 13:49:02,818 pom007_VoiceWatch_Script_Tabs.createGSBbyLink() - Verified that 'Filter by name' filed appeared on left side of under Script tab
[DEBUG] 2019-09-23 13:49:02,838 pom007_VoiceWatch_Script_Tabs.createGSBbyLink() - Verified that 'Filter by name' filed enabled on left side of under Script tab
[DEBUG] 2019-09-23 13:49:02,870 pom007_VoiceWatch_Script_Tabs.createGSBbyLink() - Verified that 'Script name' label appeared on under Go Script Builder
[DEBUG] 2019-09-23 13:49:02,897 pom007_VoiceWatch_Script_Tabs.createGSBbyLink() - Verified that 'Script name' Text validated on under Go Script Builder
[DEBUG] 2019-09-23 13:49:02,930 pom007_VoiceWatch_Script_Tabs.createGSBbyLink() - Verified that 'Script name' filed appeared on under Go Script Builder
[DEBUG] 2019-09-23 13:49:02,954 pom007_VoiceWatch_Script_Tabs.createGSBbyLink() - Verified that 'Script name' field enabled on under Go Script Builder
[DEBUG] 2019-09-23 13:49:02,986 pom007_VoiceWatch_Script_Tabs.createGSBbyLink() - Verified that 'Description' label appeared on under Go Script Builder
[DEBUG] 2019-09-23 13:49:03,014 pom007_VoiceWatch_Script_Tabs.createGSBbyLink() - Verified that 'Description' Text validated on under Go Script Builder
[DEBUG] 2019-09-23 13:49:03,046 pom007_VoiceWatch_Script_Tabs.createGSBbyLink() - Verified that 'Description' label appeared on under Go Script Builder
[DEBUG] 2019-09-23 13:49:03,069 pom007_VoiceWatch_Script_Tabs.createGSBbyLink() - Verified that 'Description' field enabled on under Go Script Builder
[DEBUG] 2019-09-23 13:49:03,101 pom007_VoiceWatch_Script_Tabs.createGSBbyLink() - Verified that 'Save button' displayed under Go Script Upload tab
[DEBUG] 2019-09-23 13:49:03,126 pom007_VoiceWatch_Script_Tabs.createGSBbyLink() - Verified that 'Save button' is disbaled under Go Script Upload tab
[DEBUG] 2019-09-23 13:49:03,155 pom007_VoiceWatch_Script_Tabs.createGSBbyLink() - Verified that 'Save' Text appeared on save button under Go Script Upload tab
[DEBUG] 2019-09-23 13:49:03,187 pom007_VoiceWatch_Script_Tabs.createGSBbyLink() - Verified that 'Script Builder' label appeared on under Go Script Builder
[DEBUG] 2019-09-23 13:49:03,213 pom007_VoiceWatch_Script_Tabs.createGSBbyLink() - Verified that 'Script Builder' Text validated on under Go Script Builder
[DEBUG] 2019-09-23 13:49:03,248 pom007_VoiceWatch_Script_Tabs.createGSBbyLink() - Verified that 'Results' label appeared on under Go Script Builder
[DEBUG] 2019-09-23 13:49:03,277 pom007_VoiceWatch_Script_Tabs.createGSBbyLink() - Verified that 'Results' Text validated on under Go Script Builder
[DEBUG] 2019-09-23 13:49:03,308 pom007_VoiceWatch_Script_Tabs.createGSBbyLink() - Verified that 'Call Logs' label appeared on under Go Script Builder
[DEBUG] 2019-09-23 13:49:03,335 pom007_VoiceWatch_Script_Tabs.createGSBbyLink() - Verified that 'Call Logs' Text validated on under Go Script Builder
[DEBUG] 2019-09-23 13:49:03,367 pom007_VoiceWatch_Script_Tabs.createGSBbyLink() - Verified that 'Associted Test' label appeared on under Go Script Builder
[DEBUG] 2019-09-23 13:49:03,393 pom007_VoiceWatch_Script_Tabs.createGSBbyLink() - Verified that 'Associted Test' Text validated on under Go Script Builder
[DEBUG] 2019-09-23 13:49:03,429 pom002_VoiceWatch_Home_Page.header() - Verified that 'Empirix Logo' appeared on top left corner VoiceWatch dashboard
[DEBUG] 2019-09-23 13:49:03,452 pom002_VoiceWatch_Home_Page.header() - Verified that 'Empirix Logo' enabled on top left corner VoiceWatch dashboard
[DEBUG] 2019-09-23 13:49:03,493 pom002_VoiceWatch_Home_Page.header() - Verified that 'Empirix Lebel' appeared on top left corner VoiceWatch dashboard
[DEBUG] 2019-09-23 13:49:03,537 pom002_VoiceWatch_Home_Page.header() - Verified that 'EMPIRIX' Text appeared on top left corner VoiceWatch dashboard
[DEBUG] 2019-09-23 13:49:03,567 pom002_VoiceWatch_Home_Page.header() - Verified that 'Empirix label' enabled on top left corner VoiceWatch dashboard
[DEBUG] 2019-09-23 13:49:03,621 pom002_VoiceWatch_Home_Page.header() - Verified that 'Application Name' appeared on top left corner VoiceWatch dashboard
[DEBUG] 2019-09-23 13:49:03,654 pom002_VoiceWatch_Home_Page.header() - Verified that 'Application Name' enabled on top left corner VoiceWatch dashboard
[DEBUG] 2019-09-23 13:49:03,696 pom002_VoiceWatch_Home_Page.header() - Verified that 'VoiceWatch' Text appeared on top left corner VoiceWatch dashboard
[DEBUG] 2019-09-23 13:49:03,756 pom002_VoiceWatch_Home_Page.header() - Verified that dropdown appeared on top right corner VoiceWatch dashboard
[DEBUG] 2019-09-23 13:49:03,791 pom002_VoiceWatch_Home_Page.header() - Verified that dropdwon enabled on top right corner VoiceWatch dashboard
[DEBUG] 2019-09-23 13:49:03,833 pom002_VoiceWatch_Home_Page.header() - Verified that 'ContacUs' appeared on top right corner VoiceWatch dashboard
[DEBUG] 2019-09-23 13:49:03,856 pom002_VoiceWatch_Home_Page.header() - Verified that 'ContacUs' enabled on top right corner VoiceWatch dashboard
[DEBUG] 2019-09-23 13:49:03,882 pom002_VoiceWatch_Home_Page.header() - Verified that 'Contact Us' Text appeared on top left corner VoiceWatch dashboard
[DEBUG] 2019-09-23 13:49:03,916 pom002_VoiceWatch_Home_Page.header() - Verified that 'Help' appeared on top right corner VoiceWatch dashboard
[DEBUG] 2019-09-23 13:49:03,939 pom002_VoiceWatch_Home_Page.header() - Verified that 'help' enabled on top right corner VoiceWatch dashboard
[DEBUG] 2019-09-23 13:49:03,966 pom002_VoiceWatch_Home_Page.header() - Verified that 'Help' Text appeared on top left corner VoiceWatch dashboard
[DEBUG] 2019-09-23 13:49:04,004 pom002_VoiceWatch_Home_Page.footer() - Verified that 'BackToTop link' appeared on bottom right corner VoiceWatch dashboard
[DEBUG] 2019-09-23 13:49:04,029 pom002_VoiceWatch_Home_Page.footer() - Verified that 'BackToTop link' enabled on bottom right corner VoiceWatch dashboard
[DEBUG] 2019-09-23 13:49:04,058 pom002_VoiceWatch_Home_Page.footer() - Verified that 'Back to top' Text appeared on top left corner VoiceWatch dashboard
[DEBUG] 2019-09-23 13:49:04,095 pom002_VoiceWatch_Home_Page.footer() - Verified that 'Version' Text appeared on bottom left corner VoiceWatch dashboard
[DEBUG] 2019-09-23 13:49:04,118 pom002_VoiceWatch_Home_Page.footer() - Verified that 'Version' test enabled on right corner VoiceWatch dashboard
[DEBUG] 2019-09-23 13:49:04,144 pom002_VoiceWatch_Home_Page.footer() - Verified that 'Version' Text appeared on top left corner VoiceWatch dashboard
[DEBUG] 2019-09-23 13:49:04,181 pom002_VoiceWatch_Home_Page.footer() - Verified that 'Version Number' appeared on bottom left corner VoiceWatch dashboard
[DEBUG] 2019-09-23 13:49:04,203 pom002_VoiceWatch_Home_Page.footer() - Verified that 'Version Number' enabled on right corner VoiceWatch dashboard
[DEBUG] 2019-09-23 13:49:04,230 pom002_VoiceWatch_Home_Page.footer() - Verified that 'Version contain 26.0' appeared on top left corner VoiceWatch dashboard
[DEBUG] 2019-09-23 13:49:04,267 pom002_VoiceWatch_Home_Page.footer() - Verified that 'Empirix Label' appeared on bottom left corner VoiceWatch dashboard
[DEBUG] 2019-09-23 13:49:04,289 pom002_VoiceWatch_Home_Page.footer() - Verified that 'Empirix Label' enabled on right corner VoiceWatch dashboard
[DEBUG] 2019-09-23 13:49:04,316 pom002_VoiceWatch_Home_Page.footer() - Verified that 'Empirix' Text appeared on top left corner VoiceWatch dashboard
[DEBUG] 2019-09-23 13:49:14,496 pom007_VoiceWatch_Script_Tabs.scriptUploadTabValidation() - Verified that 'Call Master Scripts' label appeared on left side of Script Upload tab under Script tab
[DEBUG] 2019-09-23 13:49:14,556 pom007_VoiceWatch_Script_Tabs.scriptUploadTabValidation() - Verified that 'Call Master Scripts' label enabled on left side of Script Upload tab under Script tab
[DEBUG] 2019-09-23 13:49:14,636 pom007_VoiceWatch_Script_Tabs.scriptUploadTabValidation() - Verified that 'Call Master Scripts' Text validated on left side under Script Upload Tab
[DEBUG] 2019-09-23 13:49:14,679 pom007_VoiceWatch_Script_Tabs.scriptUploadTabValidation() - Verified that 'Call master Script count' dispalyed on left side of Script Upload tab under Script tab
[DEBUG] 2019-09-23 13:49:14,702 pom007_VoiceWatch_Script_Tabs.scriptUploadTabValidation() - Verified that 'Call master Script count' enabled on left side of Script Upload tab under Script tab
[DEBUG] 2019-09-23 13:49:14,739 pom007_VoiceWatch_Script_Tabs.scriptUploadTabValidation() - Verified that 'Filter by name' filed appeared on left side of under Script tab
[DEBUG] 2019-09-23 13:49:14,763 pom007_VoiceWatch_Script_Tabs.scriptUploadTabValidation() - Verified that 'Filter by name' filed enabled on left side of under Script tab
[DEBUG] 2019-09-23 13:49:14,779 pom007_VoiceWatch_Script_Tabs.scriptUploadTabValidation() - Verified that 'Please select a script ' label appeared on  under Script Upload tab
[DEBUG] 2019-09-23 13:49:14,780 pom007_VoiceWatch_Script_Tabs.scriptUploadTabValidation() - Verified that 'Please select a script ' label enabled under Script Upload tab
[DEBUG] 2019-09-23 13:49:14,780 pom007_VoiceWatch_Script_Tabs.scriptUploadTabValidation() - Verified that 'Please select a script or' Text validated under Script Upload tab
[DEBUG] 2019-09-23 13:49:14,818 pom007_VoiceWatch_Script_Tabs.scriptUploadTabValidation() - Verified that create a new script by link is appeared under under Script Upload
[DEBUG] 2019-09-23 13:49:14,854 pom002_VoiceWatch_Home_Page.header() - Verified that 'Empirix Logo' appeared on top left corner VoiceWatch dashboard
[DEBUG] 2019-09-23 13:49:14,877 pom002_VoiceWatch_Home_Page.header() - Verified that 'Empirix Logo' enabled on top left corner VoiceWatch dashboard
[DEBUG] 2019-09-23 13:49:14,912 pom002_VoiceWatch_Home_Page.header() - Verified that 'Empirix Lebel' appeared on top left corner VoiceWatch dashboard
[DEBUG] 2019-09-23 13:49:14,938 pom002_VoiceWatch_Home_Page.header() - Verified that 'EMPIRIX' Text appeared on top left corner VoiceWatch dashboard
[DEBUG] 2019-09-23 13:49:14,956 pom002_VoiceWatch_Home_Page.header() - Verified that 'Empirix label' enabled on top left corner VoiceWatch dashboard
[DEBUG] 2019-09-23 13:49:14,993 pom002_VoiceWatch_Home_Page.header() - Verified that 'Application Name' appeared on top left corner VoiceWatch dashboard
[DEBUG] 2019-09-23 13:49:15,015 pom002_VoiceWatch_Home_Page.header() - Verified that 'Application Name' enabled on top left corner VoiceWatch dashboard
[DEBUG] 2019-09-23 13:49:15,043 pom002_VoiceWatch_Home_Page.header() - Verified that 'VoiceWatch' Text appeared on top left corner VoiceWatch dashboard
[DEBUG] 2019-09-23 13:49:15,079 pom002_VoiceWatch_Home_Page.header() - Verified that dropdown appeared on top right corner VoiceWatch dashboard
[DEBUG] 2019-09-23 13:49:15,101 pom002_VoiceWatch_Home_Page.header() - Verified that dropdwon enabled on top right corner VoiceWatch dashboard
[DEBUG] 2019-09-23 13:49:15,146 pom002_VoiceWatch_Home_Page.header() - Verified that 'ContacUs' appeared on top right corner VoiceWatch dashboard
[DEBUG] 2019-09-23 13:49:15,169 pom002_VoiceWatch_Home_Page.header() - Verified that 'ContacUs' enabled on top right corner VoiceWatch dashboard
[DEBUG] 2019-09-23 13:49:15,196 pom002_VoiceWatch_Home_Page.header() - Verified that 'Contact Us' Text appeared on top left corner VoiceWatch dashboard
[DEBUG] 2019-09-23 13:49:15,236 pom002_VoiceWatch_Home_Page.header() - Verified that 'Help' appeared on top right corner VoiceWatch dashboard
[DEBUG] 2019-09-23 13:49:15,259 pom002_VoiceWatch_Home_Page.header() - Verified that 'help' enabled on top right corner VoiceWatch dashboard
[DEBUG] 2019-09-23 13:49:15,285 pom002_VoiceWatch_Home_Page.header() - Verified that 'Help' Text appeared on top left corner VoiceWatch dashboard
[DEBUG] 2019-09-23 13:49:15,321 pom002_VoiceWatch_Home_Page.footer() - Verified that 'BackToTop link' appeared on bottom right corner VoiceWatch dashboard
[DEBUG] 2019-09-23 13:49:15,343 pom002_VoiceWatch_Home_Page.footer() - Verified that 'BackToTop link' enabled on bottom right corner VoiceWatch dashboard
[DEBUG] 2019-09-23 13:49:15,370 pom002_VoiceWatch_Home_Page.footer() - Verified that 'Back to top' Text appeared on top left corner VoiceWatch dashboard
[DEBUG] 2019-09-23 13:49:15,405 pom002_VoiceWatch_Home_Page.footer() - Verified that 'Version' Text appeared on bottom left corner VoiceWatch dashboard
[DEBUG] 2019-09-23 13:49:15,430 pom002_VoiceWatch_Home_Page.footer() - Verified that 'Version' test enabled on right corner VoiceWatch dashboard
[DEBUG] 2019-09-23 13:49:15,466 pom002_VoiceWatch_Home_Page.footer() - Verified that 'Version' Text appeared on top left corner VoiceWatch dashboard
[DEBUG] 2019-09-23 13:49:15,512 pom002_VoiceWatch_Home_Page.footer() - Verified that 'Version Number' appeared on bottom left corner VoiceWatch dashboard
[DEBUG] 2019-09-23 13:49:15,540 pom002_VoiceWatch_Home_Page.footer() - Verified that 'Version Number' enabled on right corner VoiceWatch dashboard
[DEBUG] 2019-09-23 13:49:15,575 pom002_VoiceWatch_Home_Page.footer() - Verified that 'Version contain 26.0' appeared on top left corner VoiceWatch dashboard
[DEBUG] 2019-09-23 13:49:15,620 pom002_VoiceWatch_Home_Page.footer() - Verified that 'Empirix Label' appeared on bottom left corner VoiceWatch dashboard
[DEBUG] 2019-09-23 13:49:15,647 pom002_VoiceWatch_Home_Page.footer() - Verified that 'Empirix Label' enabled on right corner VoiceWatch dashboard
[DEBUG] 2019-09-23 13:49:15,682 pom002_VoiceWatch_Home_Page.footer() - Verified that 'Empirix' Text appeared on top left corner VoiceWatch dashboard
[DEBUG] 2019-09-23 13:49:26,156 pom007_VoiceWatch_Script_Tabs.createSUbybutton() - Verified that create a new script by link is appeared under Script Upload tab
[DEBUG] 2019-09-23 13:49:26,244 pom007_VoiceWatch_Script_Tabs.createSUbybutton() - Validated the element while click Script Creation using Link
[DEBUG] 2019-09-23 13:49:26,276 pom007_VoiceWatch_Script_Tabs.createSUbybutton() - Verified that 'Call Master Scripts' label appeared on left side of Script Upload tab under Script tab
[DEBUG] 2019-09-23 13:49:26,299 pom007_VoiceWatch_Script_Tabs.createSUbybutton() - Verified that 'Call Master Scripts' label enabled on left side of Script Upload tab under Script tab
[DEBUG] 2019-09-23 13:49:26,322 pom007_VoiceWatch_Script_Tabs.createSUbybutton() - Verified that 'Call Master Scripts' Text validated on left side under Script Upload Tab
[DEBUG] 2019-09-23 13:49:26,349 pom007_VoiceWatch_Script_Tabs.createSUbybutton() - Verified that 'Call master Script count' dispalyed on left side of Script Upload tab under Script tab
[DEBUG] 2019-09-23 13:49:26,371 pom007_VoiceWatch_Script_Tabs.createSUbybutton() - Verified that 'Call master Script count' enabled on left side of Script Upload tab under Script tab
[DEBUG] 2019-09-23 13:49:26,397 pom007_VoiceWatch_Script_Tabs.createSUbybutton() - Verified that 'Filter by name' filed appeared on left side of under Script tab
[DEBUG] 2019-09-23 13:49:26,416 pom007_VoiceWatch_Script_Tabs.createSUbybutton() - Verified that 'Filter by name' filed enabled on left side of under Script tab
[DEBUG] 2019-09-23 13:49:26,452 pom007_VoiceWatch_Script_Tabs.createSUbybutton() - Verified that 'Script name' label appeared on under Script Upload
[DEBUG] 2019-09-23 13:49:26,480 pom007_VoiceWatch_Script_Tabs.createSUbybutton() - Verified that 'Script name' Text validated on under Script Upload
[DEBUG] 2019-09-23 13:49:26,517 pom007_VoiceWatch_Script_Tabs.createSUbybutton() - Verified that 'Script name' filed appeared on under Script Upload
[DEBUG] 2019-09-23 13:49:26,540 pom007_VoiceWatch_Script_Tabs.createSUbybutton() - Verified that 'Script name' field enabled on under Script Upload
[DEBUG] 2019-09-23 13:49:26,576 pom007_VoiceWatch_Script_Tabs.createSUbybutton() - Verified that 'Description' label appeared on under Script Upload
[DEBUG] 2019-09-23 13:49:26,603 pom007_VoiceWatch_Script_Tabs.createSUbybutton() - Verified that 'Description' Text validated on under Script Upload
[DEBUG] 2019-09-23 13:49:26,639 pom007_VoiceWatch_Script_Tabs.createSUbybutton() - Verified that 'Description' label appeared on under Script Upload
[DEBUG] 2019-09-23 13:49:26,659 pom007_VoiceWatch_Script_Tabs.createSUbybutton() - Verified that 'Description' field enabled on under Script Upload
[DEBUG] 2019-09-23 13:49:26,694 pom007_VoiceWatch_Script_Tabs.createSUbybutton() - Verified that 'Save button' displayed under Script Upload tab
[DEBUG] 2019-09-23 13:49:26,716 pom007_VoiceWatch_Script_Tabs.createSUbybutton() - Verified that 'Save button' is disbaled under Script Upload tab
[DEBUG] 2019-09-23 13:49:26,747 pom007_VoiceWatch_Script_Tabs.createSUbybutton() - Verified that 'Save' Text appeared on save button under Script Upload tab
[DEBUG] 2019-09-23 13:51:06,991 TC0000_Debug_Testing.applicationClose() - Application closed successfully
